生成启动时间为 2018/3/19 19:50:29。
     1>项目“D:\Codes\VS2010\IDW\IDW\IDW.vcxproj”在节点 2 上(build 个目标)。
     1>InitializeBuildStatus:
         正在创建“Debug\IDW.unsuccessfulbuild”，因为已指定“AlwaysCreate”。
       ClCompile:
         c:\Program Files (x86)\Microsoft Visual Studio 10.0\VC\bin\CL.exe /c /ZI /nologo /W3 /WX- /Od /Oy- /D _MBCS /Gm /EHsc /RTC1 /MDd /GS /fp:precise /Zc:wchar_t /Zc:forScope /Fo"Debug\\" /Fd"Debug\vc100.pdb" /Gd /TP /analyze- /errorReport:prompt IDW.cpp
         IDW.cpp
       Link:
         c:\Program Files (x86)\Microsoft Visual Studio 10.0\VC\bin\link.exe /ERRORREPORT:PROMPT /OUT:"D:\Codes\VS2010\IDW\Debug\IDW.exe" /NOLOGO kernel32.lib user32.lib gdi32.lib winspool.lib comdlg32.lib advapi32.lib shell32.lib ole32.lib oleaut32.lib uuid.lib odbc32.lib odbccp32.lib /MANIFEST /ManifestFile:"Debug\IDW.exe.intermediate.manifest" /MANIFESTUAC:"level='asInvoker' uiAccess='false'" /DEBUG /PDB:"D:\Codes\VS2010\IDW\Debug\IDW.pdb" /SUBSYSTEM:CONSOLE /TLBID:1 /DYNAMICBASE /NXCOMPAT /IMPLIB:"D:\Codes\VS2010\IDW\Debug\IDW.lib" /MACHINE:X86 Debug\MyPoint.obj
         Debug\IDW.obj
         Debug\test.obj
         LINK : 没有找到 D:\Codes\VS2010\IDW\Debug\IDW.exe 或上一个增量链接没有生成它；正在执行完全链接
         IDW.vcxproj -> D:\Codes\VS2010\IDW\Debug\IDW.exe
       Manifest:
         C:\Program Files (x86)\Microsoft SDKs\Windows\v7.0A\bin\mt.exe /nologo /verbose /outputresource:"D:\Codes\VS2010\IDW\Debug\IDW.exe;#1" /manifest Debug\IDW.exe.intermediate.manifest
       FinalizeBuildStatus:
         正在删除文件“Debug\IDW.unsuccessfulbuild”。
         正在对“Debug\IDW.lastbuildstate”执行 Touch 任务。
     1>已完成生成项目“D:\Codes\VS2010\IDW\IDW\IDW.vcxproj”(build 个目标)的操作。

生成成功。

已用时间 00:00:02.27
